Running robust extraction on ./models_robust_subset/avoid with method alergia, width 8, batched_vec True
Running: python3 robust_pomdps_rl.py --project-path ./models_robust_subset/avoid --batched-vec-storm --extraction-method alergia --lstm-width 8
Finished running avoid with method alergia, width 8, batched_vec True in 7201 seconds
Log file: ./experiments_robust_extraction/avoid-alergia-8-True-1.log
Error log file: ./experiments_robust_extraction/avoid-alergia-8-True-1.err.log
Experiment data file: ./experiments_robust_extraction/avoid-alergia-8-True-1.data
Running robust extraction on ./models_robust_subset/dpm with method alergia, width 8, batched_vec True
Running: python3 robust_pomdps_rl.py --project-path ./models_robust_subset/dpm --batched-vec-storm --extraction-method alergia --lstm-width 8
Finished running dpm with method alergia, width 8, batched_vec True in 7201 seconds
Log file: ./experiments_robust_extraction/dpm-alergia-8-True-1.log
Error log file: ./experiments_robust_extraction/dpm-alergia-8-True-1.err.log
Experiment data file: ./experiments_robust_extraction/dpm-alergia-8-True-1.data
Running robust extraction on ./models_robust_subset/geo-2-8 with method alergia, width 8, batched_vec True
Running: python3 robust_pomdps_rl.py --project-path ./models_robust_subset/geo-2-8 --batched-vec-storm --extraction-method alergia --lstm-width 8
Finished running geo-2-8 with method alergia, width 8, batched_vec True in 974 seconds
Log file: ./experiments_robust_extraction/geo-2-8-alergia-8-True-1.log
Error log file: ./experiments_robust_extraction/geo-2-8-alergia-8-True-1.err.log
Experiment data file: ./experiments_robust_extraction/geo-2-8-alergia-8-True-1.data
Running robust extraction on ./models_robust_subset/maze-10 with method alergia, width 8, batched_vec True
Running: python3 robust_pomdps_rl.py --project-path ./models_robust_subset/maze-10 --batched-vec-storm --extraction-method alergia --lstm-width 8
Finished running maze-10 with method alergia, width 8, batched_vec True in 7201 seconds
Log file: ./experiments_robust_extraction/maze-10-alergia-8-True-1.log
Error log file: ./experiments_robust_extraction/maze-10-alergia-8-True-1.err.log
Experiment data file: ./experiments_robust_extraction/maze-10-alergia-8-True-1.data
Running robust extraction on ./models_robust_subset/network with method alergia, width 8, batched_vec True
Running: python3 robust_pomdps_rl.py --project-path ./models_robust_subset/network --batched-vec-storm --extraction-method alergia --lstm-width 8
Finished running network with method alergia, width 8, batched_vec True in 7201 seconds
Log file: ./experiments_robust_extraction/network-alergia-8-True-1.log
Error log file: ./experiments_robust_extraction/network-alergia-8-True-1.err.log
Experiment data file: ./experiments_robust_extraction/network-alergia-8-True-1.data
Running robust extraction on ./models_robust_subset/obstacles-10-2 with method alergia, width 8, batched_vec True
Running: python3 robust_pomdps_rl.py --project-path ./models_robust_subset/obstacles-10-2 --batched-vec-storm --extraction-method alergia --lstm-width 8
Finished running obstacles-10-2 with method alergia, width 8, batched_vec True in 7200 seconds
Log file: ./experiments_robust_extraction/obstacles-10-2-alergia-8-True-1.log
Error log file: ./experiments_robust_extraction/obstacles-10-2-alergia-8-True-1.err.log
Experiment data file: ./experiments_robust_extraction/obstacles-10-2-alergia-8-True-1.data
Running robust extraction on ./models_robust_subset/obstacles-8-5 with method alergia, width 8, batched_vec True
Running: python3 robust_pomdps_rl.py --project-path ./models_robust_subset/obstacles-8-5 --batched-vec-storm --extraction-method alergia --lstm-width 8
