Evaluating models with seed 612345
Finished evaluating avoid with extraction method si-g and seed 612345
Finished evaluating drone-2-6-1 with extraction method si-g and seed 612345
Finished evaluating maze-10 with extraction method si-g and seed 612345
Finished evaluating network with extraction method si-g and seed 612345
Finished evaluating obstacles-8-5 with extraction method si-g and seed 612345
Finished evaluating rover with extraction method si-g and seed 612345
Finished evaluating avoid with extraction method alergia and seed 612345
Finished evaluating drone-2-6-1 with extraction method alergia and seed 612345
Finished evaluating maze-10 with extraction method alergia and seed 612345
Finished evaluating network with extraction method alergia and seed 612345
Finished evaluating obstacles-8-5 with extraction method alergia and seed 612345
Finished evaluating rover with extraction method alergia and seed 612345
Evaluating models with seed 623456
Finished evaluating avoid with extraction method si-g and seed 623456
Finished evaluating drone-2-6-1 with extraction method si-g and seed 623456
Finished evaluating maze-10 with extraction method si-g and seed 623456
Finished evaluating network with extraction method si-g and seed 623456
Finished evaluating obstacles-8-5 with extraction method si-g and seed 623456
Finished evaluating rover with extraction method si-g and seed 623456
Finished evaluating avoid with extraction method alergia and seed 623456
Finished evaluating drone-2-6-1 with extraction method alergia and seed 623456
Finished evaluating maze-10 with extraction method alergia and seed 623456
Finished evaluating network with extraction method alergia and seed 623456
Finished evaluating obstacles-8-5 with extraction method alergia and seed 623456
Finished evaluating rover with extraction method alergia and seed 623456
Evaluating models with seed 634567
Finished evaluating avoid with extraction method si-g and seed 634567
Finished evaluating drone-2-6-1 with extraction method si-g and seed 634567
Finished evaluating maze-10 with extraction method si-g and seed 634567
Finished evaluating network with extraction method si-g and seed 634567
Finished evaluating obstacles-8-5 with extraction method si-g and seed 634567
Finished evaluating rover with extraction method si-g and seed 634567
Finished evaluating avoid with extraction method alergia and seed 634567
Finished evaluating drone-2-6-1 with extraction method alergia and seed 634567
Finished evaluating maze-10 with extraction method alergia and seed 634567
Finished evaluating network with extraction method alergia and seed 634567
Finished evaluating obstacles-8-5 with extraction method alergia and seed 634567
Finished evaluating rover with extraction method alergia and seed 634567
Evaluating models with seed 645678
Finished evaluating avoid with extraction method si-g and seed 645678
Finished evaluating drone-2-6-1 with extraction method si-g and seed 645678
Finished evaluating maze-10 with extraction method si-g and seed 645678
Finished evaluating network with extraction method si-g and seed 645678
Finished evaluating obstacles-8-5 with extraction method si-g and seed 645678
Finished evaluating rover with extraction method si-g and seed 645678
Finished evaluating avoid with extraction method alergia and seed 645678
Finished evaluating drone-2-6-1 with extraction method alergia and seed 645678
Finished evaluating maze-10 with extraction method alergia and seed 645678
Finished evaluating network with extraction method alergia and seed 645678
Finished evaluating obstacles-8-5 with extraction method alergia and seed 645678
Finished evaluating rover with extraction method alergia and seed 645678
Evaluating models with seed 656789
Finished evaluating avoid with extraction method si-g and seed 656789
Finished evaluating avoid-large with extraction method si-g and seed 656789
Finished evaluating drone-2-6-1 with extraction method si-g and seed 656789
Finished evaluating maze-10 with extraction method si-g and seed 656789
Finished evaluating network with extraction method si-g and seed 656789
Finished evaluating obstacles-10-5 with extraction method si-g and seed 656789
Finished evaluating obstacles-8-5 with extraction method si-g and seed 656789
Finished evaluating rover with extraction method si-g and seed 656789
Finished evaluating rover.zip with extraction method si-g and seed 656789
Finished evaluating avoid with extraction method alergia and seed 656789
Finished evaluating avoid-large with extraction method alergia and seed 656789
Finished evaluating drone-2-6-1 with extraction method alergia and seed 656789
Finished evaluating maze-10 with extraction method alergia and seed 656789
Finished evaluating network with extraction method alergia and seed 656789
Finished evaluating obstacles-10-5 with extraction method alergia and seed 656789
Finished evaluating obstacles-8-5 with extraction method alergia and seed 656789
Finished evaluating rover with extraction method alergia and seed 656789
Finished evaluating rover.zip with extraction method alergia and seed 656789
